
> @cenaei/games@0.1.0 build D:\ssh\portfolio\portfolio\apps\games
> next build

⚠ Warning: Next.js inferred your workspace root, but it may not be correct.
 We detected multiple lockfiles and selected the directory of D:\ssh\pnpm-lock.yaml as the root directory.
 To silence this warning, set `turbopack.root` in your Next.js config, or consider removing one of the lockfiles if it's not needed.
   See https://nextjs.org/docs/app/api-reference/config/next-config-js/turbopack#root-directory for more information.
 Detected additional lockfiles: 
   * D:\ssh\portfolio\portfolio\pnpm-workspace.yaml

▲ Next.js 16.2.4 (Turbopack)

  Creating an optimized production build ...
Turbopack build encountered 1 warnings:
./portfolio/portfolio/apps/games/next.config.ts
Encountered unexpected file in NFT list
A file was traced that indicates that the whole project was traced unintentionally. Somewhere in the import trace below, there are:
- filesystem operations (like path.join, path.resolve or fs.readFile), or
- very dynamic requires (like require('./' + foo)).
To resolve this, you can
- remove them if possible, or
- only use them in development, or
- make sure they are statically scoped to some subfolder: path.join(process.cwd(), 'data', bar), or
- add ignore comments: path.join(/*turbopackIgnore: true*/ process.cwd(), bar)

Import trace:
  App Route:
    ./portfolio/portfolio/apps/games/next.config.ts
    ./portfolio/portfolio/packages/db/src/generated/index.js
    ./portfolio/portfolio/packages/db/src/index.ts
    ./portfolio/portfolio/apps/games/app/api/scores/route.ts


✓ Compiled successfully in 6.8s
  Running TypeScript ...
  Finished TypeScript in 10.2s ...
  Collecting page data using 6 workers ...
  Generating static pages using 6 workers (0/5) ...
  Generating static pages using 6 workers (1/5) 
  Generating static pages using 6 workers (2/5) 
  Generating static pages using 6 workers (3/5) 
✓ Generating static pages using 6 workers (5/5) in 3.1s
  Finalizing page optimization ...

Route (app)
┌ ○ /
├ ○ /_not-found
├ ƒ /api/health
└ ƒ /api/scores


○  (Static)   prerendered as static content
ƒ  (Dynamic)  server-rendered on demand

